Using pre-set license

 COMMAND LINE ARGUMENTS:
/Applications/Unity/Hub/Editor/2020.3.3f1/Unity.app/Contents/MacOS/Unity
-adb2
-batchMode
-noUpm
-name
AssetImportWorker0
-projectPath
/Users/enesakifkaplan/Desktop/Puzzle 2
-logFile
Logs/AssetImportWorker0.log
-srvPort
51668
Successfully changed project path to: /Users/enesakifkaplan/Desktop/Puzzle 2
/Users/enesakifkaplan/Desktop/Puzzle 2
Using Asset Import Pipeline V2.
Refreshing native plugins compatible for Editor in 92.48 ms, found 3 plugins.
Preloading 0 native plugins for Editor in 0.00 ms.
Initialize engine version: 2020.3.3f1 (76626098c1c4)
[Subsystems] Discovering subsystems at path /Applications/Unity/Hub/Editor/2020.3.3f1/Unity.app/Contents/Resources/UnitySubsystems
[Subsystems] Discovering subsystems at path /Users/enesakifkaplan/Desktop/Puzzle 2/Assets
GfxDevice: creating device client; threaded=0
2021-07-05 18:05:17.341 Unity[24270:3015648] Color LCD preferred device: Intel(R) Iris(TM) Plus Graphics 645 (low power)
2021-07-05 18:05:17.341 Unity[24270:3015648] Metal devices available: 1
2021-07-05 18:05:17.341 Unity[24270:3015648] 0: Intel(R) Iris(TM) Plus Graphics 645 (low power)
2021-07-05 18:05:17.341 Unity[24270:3015648] Using device Intel(R) Iris(TM) Plus Graphics 645 (low power)
Initializing Metal device caps: Intel(R) Iris(TM) Plus Graphics 645
Initialize mono
Mono path[0] = '/Applications/Unity/Hub/Editor/2020.3.3f1/Unity.app/Contents/Managed'
Mono path[1] = '/Applications/Unity/Hub/Editor/2020.3.3f1/Unity.app/Contents/MonoBleedingEdge/lib/mono/unityjit'
Mono config path = '/Applications/Unity/Hub/Editor/2020.3.3f1/Unity.app/Contents/MonoBleedingEdge/etc'
Using monoOptions --debugger-agent=transport=dt_socket,embedding=1,server=y,suspend=n,address=127.0.0.1:56270
Begin MonoManager ReloadAssembly
Registering precompiled unity dll's ...
Register platform support module: /Applications/Unity/Hub/Editor/2020.3.3f1/Unity.app/Contents/PlaybackEngines/MacStandaloneSupport/UnityEditor.OSXStandalone.Extensions.dll
Registered in 0.002904 seconds.
Native extension for OSXStandalone target not found
Refreshing native plugins compatible for Editor in 35.91 ms, found 3 plugins.
Preloading 0 native plugins for Editor in 0.00 ms.
Invoked RoslynAnalysisRunner static constructor.
RoslynAnalysisRunner will not be running.
RoslynAnalysisRunner has terminated.
Mono: successfully reloaded assembly
- Completed reload, in  4.818 seconds
Platform modules already initialized, skipping
Registering precompiled user dll's ...
Registered in 0.020150 seconds.
Begin MonoManager ReloadAssembly
Native extension for OSXStandalone target not found
Refreshing native plugins compatible for Editor in 1.18 ms, found 3 plugins.
Preloading 0 native plugins for Editor in 0.00 ms.
Invoked RoslynAnalysisRunner static constructor.
RoslynAnalysisRunner will not be running.
RoslynAnalysisRunner has terminated.
Mono: successfully reloaded assembly
- Completed reload, in  1.186 seconds
Platform modules already initialized, skipping
========================================================================
Worker process is ready to serve import requests
Launching external process: /Applications/Unity/Hub/Editor/2020.3.3f1/Unity.app/Contents/Tools/UnityShaderCompiler
Launched and connected shader compiler UnityShaderCompiler after 0.03 seconds
Refreshing native plugins compatible for Editor in 1.04 ms, found 3 plugins.
Preloading 0 native plugins for Editor in 0.00 ms.
Unloading 1448 Unused Serialized files (Serialized files now loaded: 0)
System memory in use before: 147.7 MB.
System memory in use after: 147.8 MB.

Unloading 129 unused Assets to reduce memory usage. Loaded Objects now: 1821.
Total: 2.386959 ms (FindLiveObjects: 0.296233 ms CreateObjectMapping: 0.073280 ms MarkObjects: 1.909274 ms  DeleteObjects: 0.107043 ms)

========================================================================
Received Import Request.
  path: Assets/Scenes/2DLevel3.unity
  artifactKey: Guid(7d60249931bbd42eeafb9b7f73df4aa8) Importer(815301076,1909f56bfc062723c751e8b465ee728b)
Start importing Assets/Scenes/2DLevel3.unity using Guid(7d60249931bbd42eeafb9b7f73df4aa8) Importer(815301076,1909f56bfc062723c751e8b465ee728b)  -> (artifact id: '260df361d8330ff2fc150e1e6dcc9dd3') in 0.012329 seconds
  Import took 0.015989 seconds .

========================================================================
Received Import Request.
  Time since last request: 2.404574 seconds.
  path: Assets/Scenes/2DLevel4.unity
  artifactKey: Guid(9a5e61899b50b4613b8348e466277c2f) Importer(815301076,1909f56bfc062723c751e8b465ee728b)
Start importing Assets/Scenes/2DLevel4.unity using Guid(9a5e61899b50b4613b8348e466277c2f) Importer(815301076,1909f56bfc062723c751e8b465ee728b)  -> (artifact id: '489cc4a83eb812e006ffb4ae2f55fcfb') in 0.001770 seconds
  Import took 0.007908 seconds .

========================================================================
Received Import Request.
  Time since last request: 0.003383 seconds.
  path: Assets/Scenes/2DLevel4.unity
  artifactKey: Guid(9a5e61899b50b4613b8348e466277c2f) Importer(815301076,1909f56bfc062723c751e8b465ee728b)
Start importing Assets/Scenes/2DLevel4.unity using Guid(9a5e61899b50b4613b8348e466277c2f) Importer(815301076,1909f56bfc062723c751e8b465ee728b)  -> (artifact id: '489cc4a83eb812e006ffb4ae2f55fcfb') in 0.002261 seconds
  Import took 0.006030 seconds .

========================================================================
Received Import Request.
  Time since last request: 2.125901 seconds.
  path: Assets/Scenes/2dLevel6.unity
  artifactKey: Guid(0a66a007de9464560b34d3a5859f37dc) Importer(815301076,1909f56bfc062723c751e8b465ee728b)
Start importing Assets/Scenes/2dLevel6.unity using Guid(0a66a007de9464560b34d3a5859f37dc) Importer(815301076,1909f56bfc062723c751e8b465ee728b)  -> (artifact id: 'd2e56ecc001f14cf15abaecde644e74e') in 0.004363 seconds
  Import took 0.010625 seconds .

========================================================================
Received Import Request.
  Time since last request: 0.025231 seconds.
  path: Assets/Scenes/2dLevel6.unity
  artifactKey: Guid(0a66a007de9464560b34d3a5859f37dc) Importer(815301076,1909f56bfc062723c751e8b465ee728b)
Start importing Assets/Scenes/2dLevel6.unity using Guid(0a66a007de9464560b34d3a5859f37dc) Importer(815301076,1909f56bfc062723c751e8b465ee728b)  -> (artifact id: 'd2e56ecc001f14cf15abaecde644e74e') in 0.022715 seconds
  Import took 0.027501 seconds .

========================================================================
Received Import Request.
  Time since last request: 3.575039 seconds.
  path: Assets/Scenes/2DLevel7.unity
  artifactKey: Guid(3c52fd7594fdb4e3981b91e43158afd1) Importer(815301076,1909f56bfc062723c751e8b465ee728b)
Start importing Assets/Scenes/2DLevel7.unity using Guid(3c52fd7594fdb4e3981b91e43158afd1) Importer(815301076,1909f56bfc062723c751e8b465ee728b)  -> (artifact id: '9e887b52b089068940baed403a84c72a') in 0.001886 seconds
  Import took 0.007826 seconds .

========================================================================
Received Import Request.
  Time since last request: 3.883061 seconds.
  path: Assets/Scenes/2DLevel10.unity
  artifactKey: Guid(e4084839dd22a477cb89d39bd11f38a3) Importer(815301076,1909f56bfc062723c751e8b465ee728b)
Start importing Assets/Scenes/2DLevel10.unity using Guid(e4084839dd22a477cb89d39bd11f38a3) Importer(815301076,1909f56bfc062723c751e8b465ee728b)  -> (artifact id: '0393b50524389b057e99f9b6985d2130') in 0.001284 seconds
  Import took 0.004072 seconds .

========================================================================
Received Import Request.
  Time since last request: 1.942388 seconds.
  path: Assets/Scenes/Start.unity
  artifactKey: Guid(8afb6eed0e3ba472490145a39142f3a5) Importer(815301076,1909f56bfc062723c751e8b465ee728b)
Start importing Assets/Scenes/Start.unity using Guid(8afb6eed0e3ba472490145a39142f3a5) Importer(815301076,1909f56bfc062723c751e8b465ee728b)  -> (artifact id: '3d52a87f1378b4291a5437c2ba2b43c3') in 0.003094 seconds
  Import took 0.009294 seconds .

========================================================================
Received Import Request.
  Time since last request: 3.173012 seconds.
  path: Assets/Scenes/2DLevel1.unity
  artifactKey: Guid(3f58e32008e2d452d957662860be91aa) Importer(815301076,1909f56bfc062723c751e8b465ee728b)
Start importing Assets/Scenes/2DLevel1.unity using Guid(3f58e32008e2d452d957662860be91aa) Importer(815301076,1909f56bfc062723c751e8b465ee728b)  -> (artifact id: 'b37312831e1614199857d1bea934f952') in 0.001668 seconds
  Import took 0.004860 seconds .

========================================================================
Received Import Request.
  Time since last request: 0.001605 seconds.
  path: Assets/Scenes/2DLevel1.unity
  artifactKey: Guid(3f58e32008e2d452d957662860be91aa) Importer(815301076,1909f56bfc062723c751e8b465ee728b)
Start importing Assets/Scenes/2DLevel1.unity using Guid(3f58e32008e2d452d957662860be91aa) Importer(815301076,1909f56bfc062723c751e8b465ee728b)  -> (artifact id: 'b37312831e1614199857d1bea934f952') in 0.001387 seconds
  Import took 0.005856 seconds .

========================================================================
Received Import Request.
  Time since last request: 112.861483 seconds.
  path: Assets/Scenes/2DLevel2.unity
  artifactKey: Guid(1ffb8358d8b1d464ca568ea71ab1f576) Importer(815301076,1909f56bfc062723c751e8b465ee728b)
Start importing Assets/Scenes/2DLevel2.unity using Guid(1ffb8358d8b1d464ca568ea71ab1f576) Importer(815301076,1909f56bfc062723c751e8b465ee728b)  -> (artifact id: '6ea891d344a13623fa517c0955b0713a') in 0.001587 seconds
  Import took 0.005181 seconds .

========================================================================
Received Prepare
Registering precompiled user dll's ...
Registered in 0.037935 seconds.
Begin MonoManager ReloadAssembly
Native extension for OSXStandalone target not found
Refreshing native plugins compatible for Editor in 1.11 ms, found 3 plugins.
Preloading 0 native plugins for Editor in 0.00 ms.
Invoked RoslynAnalysisRunner static constructor.
RoslynAnalysisRunner will not be running.
RoslynAnalysisRunner has terminated.
Mono: successfully reloaded assembly
- Completed reload, in  1.299 seconds
Platform modules already initialized, skipping
Switching build target platform(2) subTarget(0) extendedPlatform(0) -> platform(13) subTarget(537395200) extendedPlatform(0)
Refreshing native plugins compatible for Editor in 1.21 ms, found 3 plugins.
Preloading 0 native plugins for Editor in 0.00 ms.
Unloading 1425 Unused Serialized files (Serialized files now loaded: 0)
System memory in use before: 144.1 MB.
System memory in use after: 144.2 MB.

Unloading 124 unused Assets to reduce memory usage. Loaded Objects now: 1824.
Total: 2.774533 ms (FindLiveObjects: 0.326320 ms CreateObjectMapping: 0.063070 ms MarkObjects: 2.264403 ms  DeleteObjects: 0.119088 ms)

AssetImportParameters requested are different than current active one (requested -> active):
  custom:graphics/normal-map-encoding: 01000000000000000000000000000000 -> 02000000000000000000000000000000
